
                         Lattice Mapping Report File

Design:  lab3_MD
Family:  iCE40UP
Device:  iCE40UP5K
Package: SG48
Performance Grade:  High-Performance_1.2V

Mapper:    version Radiant Software (64-bit) 2024.1.0.34.2
Mapped on: Tue Sep 17 10:45:18 2024

Design Information
------------------

Command line:   map -pdc
     C:/Users/mdesomma/Documents/lab3/radiant/lab3/pinLayout.pdc -i
     lab3_impl_1_syn.udb -o lab3_impl_1_map.udb -mp lab3_impl_1.mrp -hierrpt
     -gui -msgset C:/Users/mdesomma/Documents/lab3/radiant/lab3/promote.xml

Design Summary
--------------

   Number of slice registers: 103 out of  5280 (2%)
   Number of I/O registers:      0 out of   117 (0%)
   Number of LUT4s:           187 out of  5280 (4%)
      Number of logic LUT4s:             105
      Number of inserted feedthru LUT4s:   4
      Number of ripple logic:             39 (78 LUT4s)
   Number of IO sites used:   18 out of 39 (46%)
      Number of IO sites used for general PIO: 18
      Number of IO sites used for I3C: 0 out of 2 (0%)
      (note: If I3C is not used, its site can be used as general PIO)
      Number of IO sites used for PIO+I3C: 18 out of 36 (50%)
      Number of IO sites used for OD+RGB IO buffers: 0 out of 3 (0%)
      (note: If RGB LED drivers are not used, sites can be used as OD outputs,
       see TN1288 iCE40 LED Driver Usage Guide)
      Number of IO sites used for PIO+I3C+OD+RGB: 18 out of 39 (46%)
   Number of DSPs:             0 out of 8 (0%)
   Number of I2Cs:             0 out of 2 (0%)
   Number of High Speed OSCs:  1 out of 1 (100%)
   Number of Low Speed OSCs:   0 out of 1 (0%)
   Number of RGB PWM:          0 out of 1 (0%)
   Number of RGB Drivers:      0 out of 1 (0%)
   Number of SCL FILTERs:      0 out of 2 (0%)
   Number of SRAMs:            0 out of 4 (0%)
   Number of WARMBOOTs:        0 out of 1 (0%)
   Number of SPIs:             0 out of 2 (0%)
   Number of EBRs:             0 out of 30 (0%)
   Number of PLLs:             0 out of 1 (0%)
   Number of Clocks:  2
      Net int_osc: 14 loads, 14 rising, 0 falling (Driver: Pin hf_osc/CLKHF)
      Net a1.toggle: 53 loads, 53 rising, 0 falling (Driver: Pin a1.toggle_c/Q)
   Number of Clock Enables:  3
      Net VCC_net: 1 loads, 0 SLICEs
      Net a1.a2.synced.a4.n485: 4 loads, 4 SLICEs
      Net a1.a2.synced.a4.n496: 8 loads, 8 SLICEs
   Number of LSRs:  5
      Net a1.n504: 13 loads, 13 SLICEs
      Net a1.a2.synced.n500: 13 loads, 13 SLICEs
      Net a1.a2.synced.state_FSM_illegal: 12 loads, 12 SLICEs
      Net a1.a2.synced.a4.n485: 13 loads, 13 SLICEs

                                    Page 1





Design Summary (cont)
---------------------
      Net a1.a2.synced.a4.n503: 8 loads, 8 SLICEs
   Top 10 highest fanout non-clock nets:
      Net c_c_2: 19 loads
      Net a1.a2.synced.a4.n485: 18 loads
      Net a1.a2.synced.n468: 15 loads
      Net a1.n504: 14 loads
      Net a1.a2.synced.n500: 13 loads
      Net a1.a2.synced.state_FSM_illegal: 12 loads
      Net a1.a2.synced.a4.n496: 8 loads
      Net a1.a2.synced.a4.n503: 8 loads
      Net a1.a2.synced.r_c_3_N_93[5]: 8 loads
      Net a1.a2.synced.r_c_3_N_93[7]: 8 loads





   Number of warnings:  0
   Number of criticals: 0
   Number of errors:    0

Design Errors/Criticals/Warnings
--------------------------------

   No error, critical, or warning presents.

IO (PIO) Attributes
-------------------

+---------------------+-----------+-----------+-------+-------+-----------+
| IO Name             | Direction | Levelmode |  IO   |  IO   | Special   |
|                     |           |  IO_TYPE  |  REG  |  DDR  | IO Buffer |
+---------------------+-----------+-----------+-------+-------+-----------+
| c[0]                | INPUT     |           |       |       |           |
+---------------------+-----------+-----------+-------+-------+-----------+
| c[1]                | INPUT     |           |       |       |           |
+---------------------+-----------+-----------+-------+-------+-----------+
| c[2]                | INPUT     |           |       |       |           |
+---------------------+-----------+-----------+-------+-------+-----------+
| c[3]                | INPUT     |           |       |       |           |
+---------------------+-----------+-----------+-------+-------+-----------+
| reset               | INPUT     |           |       |       |           |
+---------------------+-----------+-----------+-------+-------+-----------+
| led2                | OUTPUT    |           |       |       |           |
+---------------------+-----------+-----------+-------+-------+-----------+
| led1                | OUTPUT    |           |       |       |           |
+---------------------+-----------+-----------+-------+-------+-----------+
| seg[0]              | OUTPUT    |           |       |       |           |
+---------------------+-----------+-----------+-------+-------+-----------+
| seg[1]              | OUTPUT    |           |       |       |           |
+---------------------+-----------+-----------+-------+-------+-----------+
| seg[2]              | OUTPUT    |           |       |       |           |
+---------------------+-----------+-----------+-------+-------+-----------+
| seg[3]              | OUTPUT    |           |       |       |           |
+---------------------+-----------+-----------+-------+-------+-----------+
| seg[4]              | OUTPUT    |           |       |       |           |
+---------------------+-----------+-----------+-------+-------+-----------+
| seg[5]              | OUTPUT    |           |       |       |           |

                                    Page 2





IO (PIO) Attributes (cont)
--------------------------
+---------------------+-----------+-----------+-------+-------+-----------+
| seg[6]              | OUTPUT    |           |       |       |           |
+---------------------+-----------+-----------+-------+-------+-----------+
| r[0]                | OUTPUT    |           |       |       |           |
+---------------------+-----------+-----------+-------+-------+-----------+
| r[1]                | OUTPUT    |           |       |       |           |
+---------------------+-----------+-----------+-------+-------+-----------+
| r[2]                | OUTPUT    |           |       |       |           |
+---------------------+-----------+-----------+-------+-------+-----------+
| r[3]                | OUTPUT    |           |       |       |           |
+---------------------+-----------+-----------+-------+-------+-----------+

Removed logic
-------------

Block i1 was optimized away.

OSC Summary
-----------

OSC 1:                                 Pin/Node Value
  OSC Instance Name:                            hf_osc
  Power UP:                            NODE     VCC_net
  Enable Signal:                       NODE     VCC_net
  OSC Output:                          NODE     int_osc
  DIV Setting:                                  00

ASIC Components
---------------

Instance Name: hf_osc
         Type: HFOSC

Constraint Summary
------------------

   Total number of constraints: 24
   Total number of constraints dropped: 0

Run Time and Memory Usage
-------------------------

   Total CPU Time: 0 secs
   Total REAL Time: 0 secs
   Peak Memory Usage: 66 MB
Checksum -- map: b69dc81542faa1d0754bc99ae877c478ee7e78d9












                                    Page 3


Copyright (c) 1991-1994 by NeoCAD Inc. All rights reserved.
Copyright (c) 1995
     AT&T Corp.   All rights reserved.
Copyright (c) 1995-2001 Lucent
     Technologies Inc.  All rights reserved.
Copyright (c) 2001 Agere Systems
     All rights reserved.
Copyright (c) 2002-2024 Lattice Semiconductor
     Corporation,  All rights reserved.
